# JRE version: Java(TM) SE Runtime Environment (19.0.1+10) (build 19.0.1+10-21)
# Java VM: Java HotSpot(TM) 64-Bit Server VM (19.0.1+10-21, mixed mode, sharing, tiered, compressed oops, compressed class ptrs, g1 gc, windows-amd64)
GC Precious Log:
 CardTable entry size: 512
 Card Set container configuration: InlinePtr #cards 5 size 8 Array Of Cards #cards 12 size 40 Howl #buckets 4 coarsen threshold 1843 Howl Bitmap #cards 512 size 80 coarsen threshold 460 Card regions per heap region 1 cards per card region 2048
 CPUs: 4 total, 4 available
 Memory: 3993M
 Large Page Support: Disabled
 NUMA Support: Disabled
 Compressed Oops: Enabled (32-bit)
 Heap Region Size: 1M
 Heap Min Capacity: 8M
 Heap Initial Capacity: 64M
 Heap Max Capacity: 1000M
 Pre-touch: Disabled
 Parallel Workers: 4
 Concurrent Workers: 1
 Concurrent Refinement Workers: 4
 Periodic GC: Disabled
Heap:
 garbage-first heap   total 65536K, used 29734K [0x00000000c1800000, 0x0000000100000000)
  region size 1024K, 22 young (22528K), 1 survivors (1024K)
 Metaspace       used 15973K, committed 16192K, reserved 1114112K
  class space    used 1616K, committed 1728K, reserved 1048576K
GC Heap History (20 events):
Event: 2500.927 GC heap before
{Heap before GC invocations=13 (full 0):
 garbage-first heap   total 65536K, used 47125K [0x00000000c1800000, 0x0000000100000000)
  region size 1024K, 38 young (38912K), 1 survivors (1024K)
 Metaspace       used 15959K, committed 16192K, reserved 1114112K
  class space    used 1613K, committed 1728K, reserved 1048576K
}
Event: 2500.929 GC heap after
{Heap after GC invocations=14 (full 0):
 garbage-first heap   total 65536K, used 9239K [0x00000000c1800000, 0x0000000100000000)
  region size 1024K, 1 young (1024K), 1 survivors (1024K)
 Metaspace       used 15959K, committed 16192K, reserved 1114112K
  class space    used 1613K, committed 1728K, reserved 1048576K
}
Event: 2699.922 GC heap before
{Heap before GC invocations=14 (full 0):
 garbage-first heap   total 65536K, used 47127K [0x00000000c1800000, 0x0000000100000000)
  region size 1024K, 38 young (38912K), 1 survivors (1024K)
 Metaspace       used 15959K, committed 16192K, reserved 1114112K
  class space    used 1613K, committed 1728K, reserved 1048576K
}
Event: 2699.929 GC heap after
{Heap after GC invocations=15 (full 0):
 garbage-first heap   total 65536K, used 9238K [0x00000000c1800000, 0x0000000100000000)
  region size 1024K, 1 young (1024K), 1 survivors (1024K)
 Metaspace       used 15959K, committed 16192K, reserved 1114112K
  class space    used 1613K, committed 1728K, reserved 1048576K
}
Event: 2868.637 GC heap before
{Heap before GC invocations=15 (full 0):
 garbage-first heap   total 65536K, used 47126K [0x00000000c1800000, 0x0000000100000000)
  region size 1024K, 38 young (38912K), 1 survivors (1024K)
 Metaspace       used 15959K, committed 16192K, reserved 1114112K
  class space    used 1613K, committed 1728K, reserved 1048576K
}
Event: 2868.640 GC heap after
{Heap after GC invocations=16 (full 0):
 garbage-first heap   total 65536K, used 9238K [0x00000000c1800000, 0x0000000100000000)
  region size 1024K, 1 young (1024K), 1 survivors (1024K)
 Metaspace       used 15959K, committed 16192K, reserved 1114112K
  class space    used 1613K, committed 1728K, reserved 1048576K
}
Event: 3049.256 GC heap before
{Heap before GC invocations=16 (full 0):
 garbage-first heap   total 65536K, used 47126K [0x00000000c1800000, 0x0000000100000000)
  region size 1024K, 38 young (38912K), 1 survivors (1024K)
 Metaspace       used 15959K, committed 16192K, reserved 1114112K
  class space    used 1613K, committed 1728K, reserved 1048576K
}
Event: 3049.258 GC heap after
{Heap after GC invocations=17 (full 0):
 garbage-first heap   total 65536K, used 9239K [0x00000000c1800000, 0x0000000100000000)
  region size 1024K, 1 young (1024K), 1 survivors (1024K)
 Metaspace       used 15959K, committed 16192K, reserved 1114112K
  class space    used 1613K, committed 1728K, reserved 1048576K
}
Event: 3215.215 GC heap before
{Heap before GC invocations=17 (full 0):
 garbage-first heap   total 65536K, used 47127K [0x00000000c1800000, 0x0000000100000000)
  region size 1024K, 38 young (38912K), 1 survivors (1024K)
 Metaspace       used 15959K, committed 16192K, reserved 1114112K
  class space    used 1613K, committed 1728K, reserved 1048576K
}
Event: 3215.220 GC heap after
{Heap after GC invocations=18 (full 0):
 garbage-first heap   total 65536K, used 9244K [0x00000000c1800000, 0x0000000100000000)
  region size 1024K, 1 young (1024K), 1 survivors (1024K)
 Metaspace       used 15959K, committed 16192K, reserved 1114112K
  class space    used 1613K, committed 1728K, reserved 1048576K
}
Event: 3387.023 GC heap before
{Heap before GC invocations=18 (full 0):
 garbage-first heap   total 65536K, used 47132K [0x00000000c1800000, 0x0000000100000000)
  region size 1024K, 38 young (38912K), 1 survivors (1024K)
 Metaspace       used 15959K, committed 16192K, reserved 1114112K
  class space    used 1613K, committed 1728K, reserved 1048576K
}
Event: 3387.025 GC heap after
{Heap after GC invocations=19 (full 0):
 garbage-first heap   total 65536K, used 9249K [0x00000000c1800000, 0x0000000100000000)
  region size 1024K, 1 young (1024K), 1 survivors (1024K)
 Metaspace       used 15959K, committed 16192K, reserved 1114112K
  class space    used 1613K, committed 1728K, reserved 1048576K
}
Event: 3543.459 GC heap before
{Heap before GC invocations=19 (full 0):
 garbage-first heap   total 65536K, used 47137K [0x00000000c1800000, 0x0000000100000000)
  region size 1024K, 38 young (38912K), 1 survivors (1024K)
 Metaspace       used 15959K, committed 16192K, reserved 1114112K
  class space    used 1613K, committed 1728K, reserved 1048576K
}
Event: 3543.462 GC heap after
{Heap after GC invocations=20 (full 0):
 garbage-first heap   total 65536K, used 9249K [0x00000000c1800000, 0x0000000100000000)
  region size 1024K, 1 young (1024K), 1 survivors (1024K)
 Metaspace       used 15959K, committed 16192K, reserved 1114112K
  class space    used 1613K, committed 1728K, reserved 1048576K
}
Event: 3687.138 GC heap before
{Heap before GC invocations=20 (full 0):
 garbage-first heap   total 65536K, used 47137K [0x00000000c1800000, 0x0000000100000000)
  region size 1024K, 38 young (38912K), 1 survivors (1024K)
 Metaspace       used 15959K, committed 16192K, reserved 1114112K
  class space    used 1613K, committed 1728K, reserved 1048576K
}
Event: 3687.140 GC heap after
{Heap after GC invocations=21 (full 0):
 garbage-first heap   total 65536K, used 9249K [0x00000000c1800000, 0x0000000100000000)
  region size 1024K, 1 young (1024K), 1 survivors (1024K)
 Metaspace       used 15959K, committed 16192K, reserved 1114112K
  class space    used 1613K, committed 1728K, reserved 1048576K
}
Event: 28102.548 GC heap before
{Heap before GC invocations=21 (full 0):
 garbage-first heap   total 65536K, used 47137K [0x00000000c1800000, 0x0000000100000000)
  region size 1024K, 38 young (38912K), 1 survivors (1024K)
 Metaspace       used 15962K, committed 16192K, reserved 1114112K
  class space    used 1615K, committed 1728K, reserved 1048576K
}
Event: 28102.568 GC heap after
{Heap after GC invocations=22 (full 0):
 garbage-first heap   total 65536K, used 9254K [0x00000000c1800000, 0x0000000100000000)
  region size 1024K, 1 young (1024K), 1 survivors (1024K)
 Metaspace       used 15962K, committed 16192K, reserved 1114112K
  class space    used 1615K, committed 1728K, reserved 1048576K
}
Event: 28270.405 GC heap before
{Heap before GC invocations=22 (full 0):
 garbage-first heap   total 65536K, used 47142K [0x00000000c1800000, 0x0000000100000000)
  region size 1024K, 38 young (38912K), 1 survivors (1024K)
 Metaspace       used 15962K, committed 16192K, reserved 1114112K
  class space    used 1615K, committed 1728K, reserved 1048576K
}
Event: 28270.434 GC heap after
{Heap after GC invocations=23 (full 0):
 garbage-first heap   total 65536K, used 9254K [0x00000000c1800000, 0x0000000100000000)
  region size 1024K, 1 young (1024K), 1 survivors (1024K)
 Metaspace       used 15962K, committed 16192K, reserved 1114112K
  class space    used 1615K, committed 1728K, reserved 1048576K
}

